[ 2013-02-25T23:19:26+08:00 ] ERR: (ThinkException) 无法加载模块:user
[ 2013-02-25T23:19:48+08:00 ] ERR: (ThinkException) 无法加载模块:user
[ 2013-02-25T23:19:50+08:00 ] ERR: (ThinkException) 无法加载模块:user
[ 2013-02-25T23:19:52+08:00 ] ERR: (ThinkException) 模板不存在[E:\task\PHP\itrunner/tpl/admin/User_User.html]
[ 2013-02-25T23:19:52+08:00 ] 0.0.0.0 /itrunner/index.php/admin/User/isLogin
INFO: [ route_check ] --START--
INFO: Run CheckRoute Behavior [ RunTime:0.000865s ]
INFO: [ route_check ] --END-- [ RunTime:0.000976s ]
INFO: [ app_begin ] --START--
INFO: Run ReadHtmlCache Behavior [ RunTime:0.001250s ]
INFO: [ app_begin ] --END-- [ RunTime:0.001335s ]
INFO: [ view_template ] --START--
NOTIC: [8] Undefined index: class E:\task\PHP\itRunner\framework\Lib\Core\ThinkException.class.php 第 63 行.
NOTIC: [8] Undefined index: type E:\task\PHP\itRunner\framework\Lib\Core\ThinkException.class.php 第 63 行.
NOTIC: [8] Undefined index: class E:\task\PHP\itRunner\framework\Lib\Core\ThinkException.class.php 第 63 行.
NOTIC: [8] Undefined index: type E:\task\PHP\itRunner\framework\Lib\Core\ThinkException.class.php 第 63 行.
NOTIC: [8] Undefined index: file E:\task\PHP\itRunner\framework\Lib\Core\ThinkException.class.php 第 62 行.
NOTIC: [8] Undefined index: line E:\task\PHP\itRunner\framework\Lib\Core\ThinkException.class.php 第 62 行.
NOTIC: [4096] Object of class UserAction could not be converted to string E:\task\PHP\itRunner\framework\Lib\Core\ThinkException.class.php 第 64 行.
NOTIC: [8] Undefined index: class E:\task\PHP\itRunner\framework\Lib\Core\ThinkException.class.php 第 63 行.
NOTIC: [8] Undefined index: type E:\task\PHP\itRunner\framework\Lib\Core\ThinkException.class.php 第 63 行.
NOTIC: [8] Undefined index: class E:\task\PHP\itRunner\framework\Lib\Core\ThinkException.class.php 第 63 行.
NOTIC: [8] Undefined index: type E:\task\PHP\itRunner\framework\Lib\Core\ThinkException.class.php 第 63 行.

[ 2013-02-25T23:20:13+08:00 ] 0.0.0.0 /itrunner/index.php/admin/User/isLogin
INFO: [ route_check ] --START--
INFO: Run CheckRoute Behavior [ RunTime:0.000857s ]
INFO: [ route_check ] --END-- [ RunTime:0.000977s ]
INFO: [ app_begin ] --START--
INFO: Run ReadHtmlCache Behavior [ RunTime:0.000608s ]
INFO: [ app_begin ] --END-- [ RunTime:0.000688s ]
INFO: [ view_template ] --START--
INFO: Run LocationTemplate Behavior [ RunTime:0.000756s ]
INFO: [ view_template ] --END-- [ RunTime:0.000848s ]
INFO: [ view_parse ] --START--
NOTIC: [2] file_get_contents(E:\task\PHP\itrunner/tpl/admin/public_base.html): failed to open stream: No such file or directory E:\task\PHP\itRunner\framework\Lib\Template\ThinkTemplate.class.php 第 686 行.
INFO: Run ParseTemplate Behavior [ RunTime:0.013962s ]
INFO: [ view_parse ] --END-- [ RunTime:0.014082s ]
INFO: [ view_filter ] --START--
INFO: Run ContentReplace Behavior [ RunTime:0.000780s ]
INFO: Run TokenBuild Behavior [ RunTime:0.000909s ]
INFO: Run WriteHtmlCache Behavior [ RunTime:0.000455s ]
INFO: Run ShowRuntime Behavior [ RunTime:0.000643s ]
INFO: [ view_filter ] --END-- [ RunTime:0.004226s ]
INFO: [ view_end ] --START--
INFO: Run ShowPageTrace Behavior [ RunTime:0.000847s ]
INFO: [ view_end ] --END-- [ RunTime:0.000923s ]

[ 2013-02-25T23:20:15+08:00 ] 0.0.0.0 /itrunner/index.php/admin/User/isLogin
INFO: [ route_check ] --START--
INFO: Run CheckRoute Behavior [ RunTime:0.000854s ]
INFO: [ route_check ] --END-- [ RunTime:0.000962s ]
INFO: [ app_begin ] --START--
INFO: Run ReadHtmlCache Behavior [ RunTime:0.000617s ]
INFO: [ app_begin ] --END-- [ RunTime:0.000699s ]
INFO: [ view_template ] --START--
INFO: Run LocationTemplate Behavior [ RunTime:0.000600s ]
INFO: [ view_template ] --END-- [ RunTime:0.001522s ]
INFO: [ view_parse ] --START--
NOTIC: [2] file_get_contents(E:\task\PHP\itrunner/tpl/admin/public_base.html): failed to open stream: No such file or directory E:\task\PHP\itRunner\framework\Lib\Template\ThinkTemplate.class.php 第 686 行.
INFO: Run ParseTemplate Behavior [ RunTime:0.008097s ]
INFO: [ view_parse ] --END-- [ RunTime:0.008203s ]
INFO: [ view_filter ] --START--
INFO: Run ContentReplace Behavior [ RunTime:0.000418s ]
INFO: Run TokenBuild Behavior [ RunTime:0.000434s ]
INFO: Run WriteHtmlCache Behavior [ RunTime:0.000300s ]
INFO: Run ShowRuntime Behavior [ RunTime:0.000563s ]
INFO: [ view_filter ] --END-- [ RunTime:0.001911s ]
INFO: [ view_end ] --START--
INFO: Run ShowPageTrace Behavior [ RunTime:0.001396s ]
INFO: [ view_end ] --END-- [ RunTime:0.001488s ]

[ 2013-02-25T23:20:23+08:00 ] 0.0.0.0 /itrunner/index.php/admin/User/isLogin
INFO: [ route_check ] --START--
INFO: Run CheckRoute Behavior [ RunTime:0.001135s ]
INFO: [ route_check ] --END-- [ RunTime:0.001275s ]
INFO: [ app_begin ] --START--
INFO: Run ReadHtmlCache Behavior [ RunTime:0.003624s ]
INFO: [ app_begin ] --END-- [ RunTime:0.003733s ]
INFO: [ view_template ] --START--
INFO: Run LocationTemplate Behavior [ RunTime:0.000702s ]
INFO: [ view_template ] --END-- [ RunTime:0.000797s ]
INFO: [ view_parse ] --START--
NOTIC: [2] file_get_contents(E:\task\PHP\itrunner/tpl/admin/public_base.html): failed to open stream: No such file or directory E:\task\PHP\itRunner\framework\Lib\Template\ThinkTemplate.class.php 第 686 行.
INFO: Run ParseTemplate Behavior [ RunTime:0.010581s ]
INFO: [ view_parse ] --END-- [ RunTime:0.010711s ]
INFO: [ view_filter ] --START--
INFO: Run ContentReplace Behavior [ RunTime:0.000461s ]
INFO: Run TokenBuild Behavior [ RunTime:0.000418s ]
INFO: Run WriteHtmlCache Behavior [ RunTime:0.000313s ]
INFO: Run ShowRuntime Behavior [ RunTime:0.000513s ]
INFO: [ view_filter ] --END-- [ RunTime:0.001901s ]
INFO: [ view_end ] --START--
INFO: Run ShowPageTrace Behavior [ RunTime:0.000613s ]
INFO: [ view_end ] --END-- [ RunTime:0.000680s ]

[ 2013-02-25T23:24:04+08:00 ] ERR: (ThinkException) 无法加载模块:user
[ 2013-02-25T23:24:22+08:00 ] 0.0.0.0 /itrunner/index.php/admin/User/isLogin
INFO: [ route_check ] --START--
INFO: Run CheckRoute Behavior [ RunTime:0.000953s ]
INFO: [ route_check ] --END-- [ RunTime:0.001083s ]
INFO: [ app_begin ] --START--
INFO: Run ReadHtmlCache Behavior [ RunTime:0.000694s ]
INFO: [ app_begin ] --END-- [ RunTime:0.000789s ]
INFO: [ view_template ] --START--
INFO: Run LocationTemplate Behavior [ RunTime:0.000964s ]
INFO: [ view_template ] --END-- [ RunTime:0.001060s ]
INFO: [ view_parse ] --START--
NOTIC: [2] file_get_contents(E:\task\PHP\itrunner/tpl/admin/public_base.html): failed to open stream: No such file or directory E:\task\PHP\itRunner\framework\Lib\Template\ThinkTemplate.class.php 第 686 行.
INFO: Run ParseTemplate Behavior [ RunTime:0.028353s ]
INFO: [ view_parse ] --END-- [ RunTime:0.028630s ]
INFO: [ view_filter ] --START--
INFO: Run ContentReplace Behavior [ RunTime:0.000548s ]
INFO: Run TokenBuild Behavior [ RunTime:0.000494s ]
INFO: Run WriteHtmlCache Behavior [ RunTime:0.000386s ]
INFO: Run ShowRuntime Behavior [ RunTime:0.000577s ]
INFO: [ view_filter ] --END-- [ RunTime:0.002233s ]
INFO: [ view_end ] --START--
INFO: Run ShowPageTrace Behavior [ RunTime:0.000720s ]
INFO: [ view_end ] --END-- [ RunTime:0.000803s ]

[ 2013-02-25T23:24:23+08:00 ] 0.0.0.0 /itrunner/index.php/admin/User/isLogin
INFO: [ route_check ] --START--
INFO: Run CheckRoute Behavior [ RunTime:0.001913s ]
INFO: [ route_check ] --END-- [ RunTime:0.002042s ]
INFO: [ app_begin ] --START--
INFO: Run ReadHtmlCache Behavior [ RunTime:0.000705s ]
INFO: [ app_begin ] --END-- [ RunTime:0.000794s ]
INFO: [ view_template ] --START--
INFO: Run LocationTemplate Behavior [ RunTime:0.000608s ]
INFO: [ view_template ] --END-- [ RunTime:0.000696s ]
INFO: [ view_parse ] --START--
NOTIC: [2] file_get_contents(E:\task\PHP\itrunner/tpl/admin/public_base.html): failed to open stream: No such file or directory E:\task\PHP\itRunner\framework\Lib\Template\ThinkTemplate.class.php 第 686 行.
INFO: Run ParseTemplate Behavior [ RunTime:0.009231s ]
INFO: [ view_parse ] --END-- [ RunTime:0.009352s ]
INFO: [ view_filter ] --START--
INFO: Run ContentReplace Behavior [ RunTime:0.000480s ]
INFO: Run TokenBuild Behavior [ RunTime:0.000454s ]
INFO: Run WriteHtmlCache Behavior [ RunTime:0.000362s ]
INFO: Run ShowRuntime Behavior [ RunTime:0.000549s ]
INFO: [ view_filter ] --END-- [ RunTime:0.002089s ]
INFO: [ view_end ] --START--
INFO: Run ShowPageTrace Behavior [ RunTime:0.000681s ]
INFO: [ view_end ] --END-- [ RunTime:0.000767s ]

[ 2013-02-25T23:24:26+08:00 ] 0.0.0.0 /itrunner/index.php/admin/User/isLogin
INFO: [ route_check ] --START--
INFO: Run CheckRoute Behavior [ RunTime:0.001585s ]
INFO: [ route_check ] --END-- [ RunTime:0.001761s ]
INFO: [ app_begin ] --START--
INFO: Run ReadHtmlCache Behavior [ RunTime:0.001797s ]
INFO: [ app_begin ] --END-- [ RunTime:0.001926s ]
INFO: [ view_template ] --START--
INFO: Run LocationTemplate Behavior [ RunTime:0.001059s ]
INFO: [ view_template ] --END-- [ RunTime:0.001259s ]
INFO: [ view_parse ] --START--
NOTIC: [2] file_get_contents(E:\task\PHP\itrunner/tpl/admin/public_base.html): failed to open stream: No such file or directory E:\task\PHP\itRunner\framework\Lib\Template\ThinkTemplate.class.php 第 686 行.
INFO: Run ParseTemplate Behavior [ RunTime:0.014432s ]
INFO: [ view_parse ] --END-- [ RunTime:0.014571s ]
INFO: [ view_filter ] --START--
INFO: Run ContentReplace Behavior [ RunTime:0.000453s ]
INFO: Run TokenBuild Behavior [ RunTime:0.000434s ]
INFO: Run WriteHtmlCache Behavior [ RunTime:0.000315s ]
INFO: Run ShowRuntime Behavior [ RunTime:0.000975s ]
INFO: [ view_filter ] --END-- [ RunTime:0.002384s ]
INFO: [ view_end ] --START--
INFO: Run ShowPageTrace Behavior [ RunTime:0.000683s ]
INFO: [ view_end ] --END-- [ RunTime:0.000756s ]

[ 2013-02-25T23:24:26+08:00 ] 0.0.0.0 /itrunner/index.php/admin/User/isLogin
INFO: [ route_check ] --START--
INFO: Run CheckRoute Behavior [ RunTime:0.000902s ]
INFO: [ route_check ] --END-- [ RunTime:0.001044s ]
INFO: [ app_begin ] --START--
INFO: Run ReadHtmlCache Behavior [ RunTime:0.000630s ]
INFO: [ app_begin ] --END-- [ RunTime:0.000714s ]
INFO: [ view_template ] --START--
INFO: Run LocationTemplate Behavior [ RunTime:0.000736s ]
INFO: [ view_template ] --END-- [ RunTime:0.000820s ]
INFO: [ view_parse ] --START--
NOTIC: [2] file_get_contents(E:\task\PHP\itrunner/tpl/admin/public_base.html): failed to open stream: No such file or directory E:\task\PHP\itRunner\framework\Lib\Template\ThinkTemplate.class.php 第 686 行.
INFO: Run ParseTemplate Behavior [ RunTime:0.011161s ]
INFO: [ view_parse ] --END-- [ RunTime:0.011267s ]
INFO: [ view_filter ] --START--
INFO: Run ContentReplace Behavior [ RunTime:0.000413s ]
INFO: Run TokenBuild Behavior [ RunTime:0.000431s ]
INFO: Run WriteHtmlCache Behavior [ RunTime:0.000307s ]
INFO: Run ShowRuntime Behavior [ RunTime:0.000495s ]
INFO: [ view_filter ] --END-- [ RunTime:0.001835s ]
INFO: [ view_end ] --START--
INFO: Run ShowPageTrace Behavior [ RunTime:0.000610s ]
INFO: [ view_end ] --END-- [ RunTime:0.000679s ]

[ 2013-02-25T23:24:27+08:00 ] 0.0.0.0 /itrunner/index.php/admin/User/isLogin
INFO: [ route_check ] --START--
INFO: Run CheckRoute Behavior [ RunTime:0.000866s ]
INFO: [ route_check ] --END-- [ RunTime:0.000974s ]
INFO: [ app_begin ] --START--
INFO: Run ReadHtmlCache Behavior [ RunTime:0.000575s ]
INFO: [ app_begin ] --END-- [ RunTime:0.000654s ]
INFO: [ view_template ] --START--
INFO: Run LocationTemplate Behavior [ RunTime:0.000768s ]
INFO: [ view_template ] --END-- [ RunTime:0.000849s ]
INFO: [ view_parse ] --START--
NOTIC: [2] file_get_contents(E:\task\PHP\itrunner/tpl/admin/public_base.html): failed to open stream: No such file or directory E:\task\PHP\itRunner\framework\Lib\Template\ThinkTemplate.class.php 第 686 行.
INFO: Run ParseTemplate Behavior [ RunTime:0.017402s ]
INFO: [ view_parse ] --END-- [ RunTime:0.017519s ]
INFO: [ view_filter ] --START--
INFO: Run ContentReplace Behavior [ RunTime:0.000455s ]
INFO: Run TokenBuild Behavior [ RunTime:0.000505s ]
INFO: Run WriteHtmlCache Behavior [ RunTime:0.000366s ]
INFO: Run ShowRuntime Behavior [ RunTime:0.000677s ]
INFO: [ view_filter ] --END-- [ RunTime:0.002220s ]
INFO: [ view_end ] --START--
INFO: Run ShowPageTrace Behavior [ RunTime:0.001423s ]
INFO: [ view_end ] --END-- [ RunTime:0.001507s ]

[ 2013-02-25T23:33:07+08:00 ] ERR: (ThinkException) 无法加载模块:Index
[ 2013-02-25T23:33:24+08:00 ] ERR: (ThinkException) 无法加载模块:index
[ 2013-02-25T23:34:33+08:00 ] ERR: (ThinkException) 模板不存在[E:\task\PHP\itrunner/tpl/root/index_index.html]
[ 2013-02-25T23:34:40+08:00 ] ERR: (ThinkException) 无法加载模块:Index
[ 2013-02-25T23:34:54+08:00 ] ERR: (ThinkException) 无法加载模块:Index
[ 2013-02-25T23:34:56+08:00 ] ERR: (ThinkException) 无法加载模块:Index
[ 2013-02-25T23:35:27+08:00 ] ERR: (ThinkException) 无法加载模块:Index
